[ 2015-08-03T23:47:50+08:00 ] ::1 /checkin/index.php/Index/index.html
NOTIC: [2] mkdir(): File exists /Applications/XAMPP/xamppfiles/htdocs/checkin/ThinkPHP/Common/build.php 第 34 行.
INFO: [ app_init ] --START--
INFO: Run Behavior\BuildLiteBehavior [ RunTime:0.000012s ]
INFO: [ app_init ] --END-- [ RunTime:0.000060s ]
INFO: [ app_begin ] --START--
INFO: Run Behavior\ReadHtmlCacheBehavior [ RunTime:0.000343s ]
INFO: [ app_begin ] --END-- [ RunTime:0.000378s ]
INFO: [ view_parse ] --START--
INFO: [ template_filter ] --START--
INFO: Run Behavior\ContentReplaceBehavior [ RunTime:0.000026s ]
INFO: [ template_filter ] --END-- [ RunTime:0.000073s ]
INFO: Run Behavior\ParseTemplateBehavior [ RunTime:0.019091s ]
INFO: [ view_parse ] --END-- [ RunTime:0.019123s ]
INFO: [ view_filter ] --START--
INFO: Run Behavior\WriteHtmlCacheBehavior [ RunTime:0.000106s ]
INFO: [ view_filter ] --END-- [ RunTime:0.000132s ]
INFO: [ app_end ] --START--
INFO: Run Behavior\ShowPageTraceBehavior [ RunTime:0.000561s ]
INFO: [ app_end ] --END-- [ RunTime:0.000619s ]

[ 2015-08-03T23:47:55+08:00 ] ::1 /checkin/index.php/Index/loginHandle.html
INFO: [ app_init ] --START--
INFO: Run Behavior\BuildLiteBehavior [ RunTime:0.000010s ]
INFO: [ app_init ] --END-- [ RunTime:0.000221s ]
INFO: [ app_begin ] --START--
INFO: Run Behavior\ReadHtmlCacheBehavior [ RunTime:0.000268s ]
INFO: [ app_begin ] --END-- [ RunTime:0.000301s ]
NOTIC: [8192] mysql_connect(): The mysql extension is deprecated and will be removed in the future: use mysqli or PDO instead /Applications/XAMPP/xamppfiles/htdocs/checkin/ThinkPHP/Library/Think/Db/Driver/Mysql.class.php 第 52 行.
SQL: SHOW COLUMNS FROM `people` [ RunTime:0.004839s ]
SQL: SELECT * FROM `people` WHERE ( `name` = '蔡培超' ) LIMIT 1   [ RunTime:0.000410s ]
SQL: SHOW COLUMNS FROM `time` [ RunTime:0.001486s ]
SQL: SELECT * FROM `time` WHERE ( `people_id` = 1 )  [ RunTime:0.000297s ]
SQL: UPDATE `time` SET `endTime`=1438616875 WHERE ( `id` = 1 ) [ RunTime:0.027956s ]
INFO: [ view_parse ] --START--
INFO: [ template_filter ] --START--
INFO: Run Behavior\ContentReplaceBehavior [ RunTime:0.000026s ]
INFO: [ template_filter ] --END-- [ RunTime:0.000079s ]
INFO: Run Behavior\ParseTemplateBehavior [ RunTime:0.020774s ]
INFO: [ view_parse ] --END-- [ RunTime:0.020833s ]
INFO: [ view_filter ] --START--
INFO: Run Behavior\WriteHtmlCacheBehavior [ RunTime:0.000126s ]
INFO: [ view_filter ] --END-- [ RunTime:0.000154s ]
INFO: [ app_end ] --START--
INFO: Run Behavior\ShowPageTraceBehavior [ RunTime:0.000371s ]
INFO: [ app_end ] --END-- [ RunTime:0.000406s ]

[ 2015-08-03T23:47:56+08:00 ] ::1 /checkin/index.php/Index/day.html?name=%E8%94%A1%E5%9F%B9%E8%B6%85
INFO: [ app_init ] --START--
INFO: Run Behavior\BuildLiteBehavior [ RunTime:0.000013s ]
INFO: [ app_init ] --END-- [ RunTime:0.000250s ]
INFO: [ app_begin ] --START--
INFO: Run Behavior\ReadHtmlCacheBehavior [ RunTime:0.000449s ]
INFO: [ app_begin ] --END-- [ RunTime:0.000489s ]
NOTIC: [8192] mysql_connect(): The mysql extension is deprecated and will be removed in the future: use mysqli or PDO instead /Applications/XAMPP/xamppfiles/htdocs/checkin/ThinkPHP/Library/Think/Db/Driver/Mysql.class.php 第 52 行.
SQL: SHOW COLUMNS FROM `people` [ RunTime:0.001398s ]
SQL: SELECT * FROM `people`  [ RunTime:0.000279s ]
SQL: SHOW COLUMNS FROM `time` [ RunTime:0.001379s ]
SQL: SELECT * FROM `time` WHERE ( `people_id` = 1 )  [ RunTime:0.000289s ]
SQL: SELECT * FROM `time` WHERE ( `people_id` = 2 )  [ RunTime:0.000237s ]
SQL: SELECT * FROM `time` WHERE ( `people_id` = 3 )  [ RunTime:0.000209s ]
SQL: SELECT * FROM `time` WHERE ( `people_id` = 4 )  [ RunTime:0.000201s ]
SQL: SELECT * FROM `time` WHERE ( `people_id` = 5 )  [ RunTime:0.000230s ]
SQL: SELECT * FROM `time` WHERE ( `people_id` = 6 )  [ RunTime:0.000220s ]
SQL: SELECT * FROM `time` WHERE ( `people_id` = 7 )  [ RunTime:0.000194s ]
SQL: SELECT * FROM `time` WHERE ( `people_id` = 8 )  [ RunTime:0.000198s ]
SQL: SELECT * FROM `time` WHERE ( `people_id` = 9 )  [ RunTime:0.000199s ]
SQL: SELECT * FROM `time` WHERE ( `people_id` = 10 )  [ RunTime:0.000231s ]
SQL: SELECT * FROM `time` WHERE ( `people_id` = 11 )  [ RunTime:0.000298s ]
SQL: SELECT * FROM `time` WHERE ( `people_id` = 12 )  [ RunTime:0.000288s ]
INFO: [ view_parse ] --START--
INFO: [ template_filter ] --START--
INFO: Run Behavior\ContentReplaceBehavior [ RunTime:0.000035s ]
INFO: [ template_filter ] --END-- [ RunTime:0.000085s ]
INFO: Run Behavior\ParseTemplateBehavior [ RunTime:0.005987s ]
INFO: [ view_parse ] --END-- [ RunTime:0.006047s ]
INFO: [ view_filter ] --START--
INFO: Run Behavior\WriteHtmlCacheBehavior [ RunTime:0.000170s ]
INFO: [ view_filter ] --END-- [ RunTime:0.000228s ]
INFO: [ app_end ] --START--
INFO: Run Behavior\ShowPageTraceBehavior [ RunTime:0.000391s ]
INFO: [ app_end ] --END-- [ RunTime:0.000425s ]

[ 2015-08-03T23:48:23+08:00 ] ::1 /checkin/index.php/Index/index.html
INFO: [ app_init ] --START--
INFO: Run Behavior\BuildLiteBehavior [ RunTime:0.000010s ]
INFO: [ app_init ] --END-- [ RunTime:0.000211s ]
INFO: [ app_begin ] --START--
INFO: Run Behavior\ReadHtmlCacheBehavior [ RunTime:0.000263s ]
INFO: [ app_begin ] --END-- [ RunTime:0.000295s ]
INFO: [ view_parse ] --START--
INFO: [ template_filter ] --START--
INFO: Run Behavior\ContentReplaceBehavior [ RunTime:0.000034s ]
INFO: [ template_filter ] --END-- [ RunTime:0.000095s ]
INFO: Run Behavior\ParseTemplateBehavior [ RunTime:0.005605s ]
INFO: [ view_parse ] --END-- [ RunTime:0.005648s ]
INFO: [ view_filter ] --START--
INFO: Run Behavior\WriteHtmlCacheBehavior [ RunTime:0.000142s ]
INFO: [ view_filter ] --END-- [ RunTime:0.000173s ]
INFO: [ app_end ] --START--
INFO: Run Behavior\ShowPageTraceBehavior [ RunTime:0.000388s ]
INFO: [ app_end ] --END-- [ RunTime:0.000429s ]

[ 2015-08-03T23:48:26+08:00 ] ::1 /checkin/index.php/Index/loginHandle.html
INFO: [ app_init ] --START--
INFO: Run Behavior\BuildLiteBehavior [ RunTime:0.000013s ]
INFO: [ app_init ] --END-- [ RunTime:0.000310s ]
INFO: [ app_begin ] --START--
INFO: Run Behavior\ReadHtmlCacheBehavior [ RunTime:0.000396s ]
INFO: [ app_begin ] --END-- [ RunTime:0.000452s ]
NOTIC: [8192] mysql_connect(): The mysql extension is deprecated and will be removed in the future: use mysqli or PDO instead /Applications/XAMPP/xamppfiles/htdocs/checkin/ThinkPHP/Library/Think/Db/Driver/Mysql.class.php 第 52 行.
SQL: SHOW COLUMNS FROM `people` [ RunTime:0.001309s ]
SQL: SELECT * FROM `people` WHERE ( `name` = '蔡培超' ) LIMIT 1   [ RunTime:0.000273s ]
SQL: SHOW COLUMNS FROM `time` [ RunTime:0.001156s ]
SQL: SELECT * FROM `time` WHERE ( `people_id` = 1 )  [ RunTime:0.000349s ]
SQL: UPDATE `time` SET `endTime`=1438616906 WHERE ( `id` = 1 ) [ RunTime:0.008230s ]
INFO: [ view_parse ] --START--
INFO: [ template_filter ] --START--
INFO: Run Behavior\ContentReplaceBehavior [ RunTime:0.000025s ]
INFO: [ template_filter ] --END-- [ RunTime:0.000070s ]
INFO: Run Behavior\ParseTemplateBehavior [ RunTime:0.009996s ]
INFO: [ view_parse ] --END-- [ RunTime:0.010064s ]
INFO: [ view_filter ] --START--
INFO: Run Behavior\WriteHtmlCacheBehavior [ RunTime:0.000135s ]
INFO: [ view_filter ] --END-- [ RunTime:0.000169s ]
INFO: [ app_end ] --START--
INFO: Run Behavior\ShowPageTraceBehavior [ RunTime:0.000349s ]
INFO: [ app_end ] --END-- [ RunTime:0.000382s ]

[ 2015-08-03T23:48:27+08:00 ] ::1 /checkin/index.php/Index/day.html?name=%E8%94%A1%E5%9F%B9%E8%B6%85
INFO: [ app_init ] --START--
INFO: Run Behavior\BuildLiteBehavior [ RunTime:0.000012s ]
INFO: [ app_init ] --END-- [ RunTime:0.000286s ]
INFO: [ app_begin ] --START--
INFO: Run Behavior\ReadHtmlCacheBehavior [ RunTime:0.000338s ]
INFO: [ app_begin ] --END-- [ RunTime:0.000380s ]
NOTIC: [8192] mysql_connect(): The mysql extension is deprecated and will be removed in the future: use mysqli or PDO instead /Applications/XAMPP/xamppfiles/htdocs/checkin/ThinkPHP/Library/Think/Db/Driver/Mysql.class.php 第 52 行.
SQL: SHOW COLUMNS FROM `people` [ RunTime:0.001728s ]
SQL: SELECT * FROM `people`  [ RunTime:0.000319s ]
SQL: SHOW COLUMNS FROM `time` [ RunTime:0.001413s ]
SQL: SELECT * FROM `time` WHERE ( `people_id` = 1 )  [ RunTime:0.000290s ]
SQL: SELECT * FROM `time` WHERE ( `people_id` = 2 )  [ RunTime:0.000270s ]
SQL: SELECT * FROM `time` WHERE ( `people_id` = 3 )  [ RunTime:0.000246s ]
SQL: SELECT * FROM `time` WHERE ( `people_id` = 4 )  [ RunTime:0.000210s ]
SQL: SELECT * FROM `time` WHERE ( `people_id` = 5 )  [ RunTime:0.000206s ]
SQL: SELECT * FROM `time` WHERE ( `people_id` = 6 )  [ RunTime:0.000262s ]
SQL: SELECT * FROM `time` WHERE ( `people_id` = 7 )  [ RunTime:0.000336s ]
SQL: SELECT * FROM `time` WHERE ( `people_id` = 8 )  [ RunTime:0.000228s ]
SQL: SELECT * FROM `time` WHERE ( `people_id` = 9 )  [ RunTime:0.000198s ]
SQL: SELECT * FROM `time` WHERE ( `people_id` = 10 )  [ RunTime:0.000196s ]
SQL: SELECT * FROM `time` WHERE ( `people_id` = 11 )  [ RunTime:0.000180s ]
SQL: SELECT * FROM `time` WHERE ( `people_id` = 12 )  [ RunTime:0.000163s ]
INFO: [ view_parse ] --START--
INFO: [ template_filter ] --START--
INFO: Run Behavior\ContentReplaceBehavior [ RunTime:0.000066s ]
INFO: [ template_filter ] --END-- [ RunTime:0.000125s ]
INFO: Run Behavior\ParseTemplateBehavior [ RunTime:0.005586s ]
INFO: [ view_parse ] --END-- [ RunTime:0.005636s ]
INFO: [ view_filter ] --START--
INFO: Run Behavior\WriteHtmlCacheBehavior [ RunTime:0.000136s ]
INFO: [ view_filter ] --END-- [ RunTime:0.000169s ]
INFO: [ app_end ] --START--
INFO: Run Behavior\ShowPageTraceBehavior [ RunTime:0.000397s ]
INFO: [ app_end ] --END-- [ RunTime:0.000435s ]

[ 2015-08-03T23:48:29+08:00 ] ::1 /checkin/index.php/Index/index.html
INFO: [ app_init ] --START--
INFO: Run Behavior\BuildLiteBehavior [ RunTime:0.000012s ]
INFO: [ app_init ] --END-- [ RunTime:0.000342s ]
INFO: [ app_begin ] --START--
INFO: Run Behavior\ReadHtmlCacheBehavior [ RunTime:0.000388s ]
INFO: [ app_begin ] --END-- [ RunTime:0.000440s ]
INFO: [ view_parse ] --START--
INFO: [ template_filter ] --START--
INFO: Run Behavior\ContentReplaceBehavior [ RunTime:0.000042s ]
INFO: [ template_filter ] --END-- [ RunTime:0.000105s ]
INFO: Run Behavior\ParseTemplateBehavior [ RunTime:0.006018s ]
INFO: [ view_parse ] --END-- [ RunTime:0.006091s ]
INFO: [ view_filter ] --START--
INFO: Run Behavior\WriteHtmlCacheBehavior [ RunTime:0.000159s ]
INFO: [ view_filter ] --END-- [ RunTime:0.000205s ]
INFO: [ app_end ] --START--
INFO: Run Behavior\ShowPageTraceBehavior [ RunTime:0.000344s ]
INFO: [ app_end ] --END-- [ RunTime:0.000376s ]

[ 2015-08-03T23:48:34+08:00 ] ::1 /checkin/index.php/Index/loginHandle.html
INFO: [ app_init ] --START--
INFO: Run Behavior\BuildLiteBehavior [ RunTime:0.000012s ]
INFO: [ app_init ] --END-- [ RunTime:0.000249s ]
INFO: [ app_begin ] --START--
INFO: Run Behavior\ReadHtmlCacheBehavior [ RunTime:0.000326s ]
INFO: [ app_begin ] --END-- [ RunTime:0.000376s ]
NOTIC: [8192] mysql_connect(): The mysql extension is deprecated and will be removed in the future: use mysqli or PDO instead /Applications/XAMPP/xamppfiles/htdocs/checkin/ThinkPHP/Library/Think/Db/Driver/Mysql.class.php 第 52 行.
SQL: SHOW COLUMNS FROM `people` [ RunTime:0.046665s ]
SQL: SELECT * FROM `people` WHERE ( `name` = '李乐平' ) LIMIT 1   [ RunTime:0.000323s ]
SQL: SHOW COLUMNS FROM `time` [ RunTime:0.001288s ]
SQL: SELECT * FROM `time` WHERE ( `people_id` = 5 )  [ RunTime:0.000247s ]
SQL: UPDATE `time` SET `endTime`=1438616914 WHERE ( `id` = 7 ) [ RunTime:0.000511s ]
INFO: [ view_parse ] --START--
INFO: [ template_filter ] --START--
INFO: Run Behavior\ContentReplaceBehavior [ RunTime:0.000030s ]
INFO: [ template_filter ] --END-- [ RunTime:0.000091s ]
INFO: Run Behavior\ParseTemplateBehavior [ RunTime:0.005505s ]
INFO: [ view_parse ] --END-- [ RunTime:0.005614s ]
INFO: [ view_filter ] --START--
INFO: Run Behavior\WriteHtmlCacheBehavior [ RunTime:0.000218s ]
INFO: [ view_filter ] --END-- [ RunTime:0.000294s ]
INFO: [ app_end ] --START--
INFO: Run Behavior\ShowPageTraceBehavior [ RunTime:0.000362s ]
INFO: [ app_end ] --END-- [ RunTime:0.000395s ]

[ 2015-08-03T23:48:35+08:00 ] ::1 /checkin/index.php/Index/day.html?name=%E6%9D%8E%E4%B9%90%E5%B9%B3
INFO: [ app_init ] --START--
INFO: Run Behavior\BuildLiteBehavior [ RunTime:0.000010s ]
INFO: [ app_init ] --END-- [ RunTime:0.000213s ]
INFO: [ app_begin ] --START--
INFO: Run Behavior\ReadHtmlCacheBehavior [ RunTime:0.000267s ]
INFO: [ app_begin ] --END-- [ RunTime:0.000299s ]
NOTIC: [8192] mysql_connect(): The mysql extension is deprecated and will be removed in the future: use mysqli or PDO instead /Applications/XAMPP/xamppfiles/htdocs/checkin/ThinkPHP/Library/Think/Db/Driver/Mysql.class.php 第 52 行.
SQL: SHOW COLUMNS FROM `people` [ RunTime:0.033890s ]
SQL: SELECT * FROM `people`  [ RunTime:0.000323s ]
SQL: SHOW COLUMNS FROM `time` [ RunTime:0.001267s ]
SQL: SELECT * FROM `time` WHERE ( `people_id` = 1 )  [ RunTime:0.000321s ]
SQL: SELECT * FROM `time` WHERE ( `people_id` = 2 )  [ RunTime:0.000251s ]
SQL: SELECT * FROM `time` WHERE ( `people_id` = 3 )  [ RunTime:0.000232s ]
SQL: SELECT * FROM `time` WHERE ( `people_id` = 4 )  [ RunTime:0.000264s ]
SQL: SELECT * FROM `time` WHERE ( `people_id` = 5 )  [ RunTime:0.000238s ]
SQL: SELECT * FROM `time` WHERE ( `people_id` = 6 )  [ RunTime:0.000249s ]
SQL: SELECT * FROM `time` WHERE ( `people_id` = 7 )  [ RunTime:0.000200s ]
SQL: SELECT * FROM `time` WHERE ( `people_id` = 8 )  [ RunTime:0.000243s ]
SQL: SELECT * FROM `time` WHERE ( `people_id` = 9 )  [ RunTime:0.000241s ]
SQL: SELECT * FROM `time` WHERE ( `people_id` = 10 )  [ RunTime:0.000207s ]
SQL: SELECT * FROM `time` WHERE ( `people_id` = 11 )  [ RunTime:0.000224s ]
SQL: SELECT * FROM `time` WHERE ( `people_id` = 12 )  [ RunTime:0.000204s ]
INFO: [ view_parse ] --START--
INFO: [ template_filter ] --START--
INFO: Run Behavior\ContentReplaceBehavior [ RunTime:0.000037s ]
INFO: [ template_filter ] --END-- [ RunTime:0.000091s ]
INFO: Run Behavior\ParseTemplateBehavior [ RunTime:0.005985s ]
INFO: [ view_parse ] --END-- [ RunTime:0.006052s ]
INFO: [ view_filter ] --START--
INFO: Run Behavior\WriteHtmlCacheBehavior [ RunTime:0.000169s ]
INFO: [ view_filter ] --END-- [ RunTime:0.000213s ]
INFO: [ app_end ] --START--
INFO: Run Behavior\ShowPageTraceBehavior [ RunTime:0.000395s ]
INFO: [ app_end ] --END-- [ RunTime:0.000432s ]

[ 2015-08-03T23:48:50+08:00 ] ::1 /checkin/index.php/Index/day.html
INFO: [ app_init ] --START--
INFO: Run Behavior\BuildLiteBehavior [ RunTime:0.000012s ]
INFO: [ app_init ] --END-- [ RunTime:0.000259s ]
INFO: [ app_begin ] --START--
INFO: Run Behavior\ReadHtmlCacheBehavior [ RunTime:0.000312s ]
INFO: [ app_begin ] --END-- [ RunTime:0.000349s ]
NOTIC: [8] Undefined index: name /Applications/XAMPP/xamppfiles/htdocs/checkin/Index/Home/Controller/IndexController.class.php 第 50 行.
NOTIC: [8192] mysql_connect(): The mysql extension is deprecated and will be removed in the future: use mysqli or PDO instead /Applications/XAMPP/xamppfiles/htdocs/checkin/ThinkPHP/Library/Think/Db/Driver/Mysql.class.php 第 52 行.
SQL: SHOW COLUMNS FROM `people` [ RunTime:0.037607s ]
SQL: SELECT * FROM `people`  [ RunTime:0.000311s ]
SQL: SHOW COLUMNS FROM `time` [ RunTime:0.001228s ]
SQL: SELECT * FROM `time` WHERE ( `people_id` = 1 )  [ RunTime:0.000307s ]
SQL: SELECT * FROM `time` WHERE ( `people_id` = 2 )  [ RunTime:0.000267s ]
SQL: SELECT * FROM `time` WHERE ( `people_id` = 3 )  [ RunTime:0.000204s ]
SQL: SELECT * FROM `time` WHERE ( `people_id` = 4 )  [ RunTime:0.000199s ]
SQL: SELECT * FROM `time` WHERE ( `people_id` = 5 )  [ RunTime:0.000198s ]
SQL: SELECT * FROM `time` WHERE ( `people_id` = 6 )  [ RunTime:0.000196s ]
SQL: SELECT * FROM `time` WHERE ( `people_id` = 7 )  [ RunTime:0.000247s ]
SQL: SELECT * FROM `time` WHERE ( `people_id` = 8 )  [ RunTime:0.000245s ]
SQL: SELECT * FROM `time` WHERE ( `people_id` = 9 )  [ RunTime:0.000216s ]
SQL: SELECT * FROM `time` WHERE ( `people_id` = 10 )  [ RunTime:0.000198s ]
SQL: SELECT * FROM `time` WHERE ( `people_id` = 11 )  [ RunTime:0.000200s ]
SQL: SELECT * FROM `time` WHERE ( `people_id` = 12 )  [ RunTime:0.000194s ]
INFO: [ view_parse ] --START--
INFO: [ template_filter ] --START--
INFO: Run Behavior\ContentReplaceBehavior [ RunTime:0.000035s ]
INFO: [ template_filter ] --END-- [ RunTime:0.000080s ]
INFO: Run Behavior\ParseTemplateBehavior [ RunTime:0.006010s ]
INFO: [ view_parse ] --END-- [ RunTime:0.006053s ]
INFO: [ view_filter ] --START--
INFO: Run Behavior\WriteHtmlCacheBehavior [ RunTime:0.000114s ]
INFO: [ view_filter ] --END-- [ RunTime:0.000143s ]
INFO: [ app_end ] --START--
INFO: Run Behavior\ShowPageTraceBehavior [ RunTime:0.000346s ]
INFO: [ app_end ] --END-- [ RunTime:0.000379s ]

